g:\learning\about computer\算法分析与设计\实验\实验2-回溯法\maze\maze\debug\vc141.pdb
g:\learning\about computer\算法分析与设计\实验\实验2-回溯法\maze\maze\debug\vc141.idb
g:\learning\about computer\算法分析与设计\实验\实验2-回溯法\maze\maze\debug\stack.obj
g:\learning\about computer\算法分析与设计\实验\实验2-回溯法\maze\maze\debug\solve.obj
g:\learning\about computer\算法分析与设计\实验\实验2-回溯法\maze\maze\debug\test.obj
g:\learning\about computer\算法分析与设计\实验\实验2-回溯法\2018211503-2018211914-殷铭阳-实验2\maze\maze\debug\vc141.pdb
g:\learning\about computer\算法分析与设计\实验\实验2-回溯法\2018211503-2018211914-殷铭阳-实验2\maze\maze\debug\vc141.idb
g:\learning\about computer\算法分析与设计\实验\实验2-回溯法\2018211503-2018211914-殷铭阳-实验2\maze\maze\debug\test.obj
g:\learning\about computer\算法分析与设计\实验\实验2-回溯法\2018211503-2018211914-殷铭阳-实验2\maze\maze\debug\stack.obj
g:\learning\about computer\算法分析与设计\实验\实验2-回溯法\maze\debug\maze.exe
g:\learning\about computer\算法分析与设计\实验\实验2-回溯法\maze\debug\maze.ilk
g:\learning\about computer\算法分析与设计\实验\实验2-回溯法\maze\debug\maze.pdb
g:\learning\about computer\算法分析与设计\实验\实验2-回溯法\2018211503-2018211914-殷铭阳-实验2\maze\debug\maze.exe
g:\learning\about computer\算法分析与设计\实验\实验2-回溯法\2018211503-2018211914-殷铭阳-实验2\maze\debug\maze.ilk
g:\learning\about computer\算法分析与设计\实验\实验2-回溯法\2018211503-2018211914-殷铭阳-实验2\maze\debug\maze.pdb
g:\learning\about computer\算法分析与设计\实验\实验2-回溯法\2018211503-2018211914-殷铭阳-实验2\maze\maze\debug\solve.obj
g:\learning\about computer\算法分析与设计\实验\实验2-回溯法\2018211503-2018211914-殷铭阳-实验2\maze\maze\debug\maze.tlog\cl.command.1.tlog
g:\learning\about computer\算法分析与设计\实验\实验2-回溯法\2018211503-2018211914-殷铭阳-实验2\maze\maze\debug\maze.tlog\cl.read.1.tlog
g:\learning\about computer\算法分析与设计\实验\实验2-回溯法\2018211503-2018211914-殷铭阳-实验2\maze\maze\debug\maze.tlog\cl.write.1.tlog
g:\learning\about computer\算法分析与设计\实验\实验2-回溯法\2018211503-2018211914-殷铭阳-实验2\maze\maze\debug\maze.tlog\link.command.1.tlog
g:\learning\about computer\算法分析与设计\实验\实验2-回溯法\2018211503-2018211914-殷铭阳-实验2\maze\maze\debug\maze.tlog\link.read.1.tlog
g:\learning\about computer\算法分析与设计\实验\实验2-回溯法\2018211503-2018211914-殷铭阳-实验2\maze\maze\debug\maze.tlog\link.write.1.tlog
